<?xml version="1.0" encoding="UTF-8"?>
<!-- Generated by org.testng.reporters.JUnitXMLReporter -->
<testsuite ignored="0" hostname="DESKTOP-7H7RBS5" failures="0" tests="6" name="Surefire test" time="0.77" errors="0" timestamp="2023-06-20T00:09:18 CDT">
  <testcase classname="com.qa.testcases.LogInPageTest" name="@BeforeMethod setup" time="-1.687237758617E9">
    <failure type="org.testng.TestNGException" message="
Parameter &amp;apos;browser&amp;apos; is required by BeforeMethod on method setup but has not been marked @Optional or defined
">
      <![CDATA[org.testng.TestNGException: 
Parameter 'browser' is required by BeforeMethod on method setup but has not been marked @Optional or defined

at java.base/java.util.ArrayList.forEach(ArrayList.java:1511)
... Removed 33 stack frames]]>
    </failure>
  </testcase> <!-- @BeforeMethod setup -->
  <testcase classname="com.qa.testcases.LogInPageTest" name="@AfterMethod tearDown" time="0.0">
    <skipped/>
  </testcase> <!-- @AfterMethod tearDown -->
  <testcase classname="com.project.base.BaseClass" name="@BeforeMethod loadPropertiesFile" time="0.0">
    <skipped/>
  </testcase> <!-- @BeforeMethod loadPropertiesFile -->
  <testcase classname="com.qa.testcases.LogInPageTest" name="@BeforeMethod setup" time="0.0">
    <skipped/>
  </testcase> <!-- @BeforeMethod setup -->
  <testcase classname="com.qa.testcases.LogInPageTest" name="@AfterMethod tearDown" time="0.0">
    <skipped/>
  </testcase> <!-- @AfterMethod tearDown -->
  <testcase classname="com.project.base.BaseClass" name="@BeforeMethod loadPropertiesFile" time="0.0">
    <skipped/>
  </testcase> <!-- @BeforeMethod loadPropertiesFile -->
  <testcase classname="com.qa.testcases.LogInPageTest" name="@BeforeMethod setup" time="0.0">
    <skipped/>
  </testcase> <!-- @BeforeMethod setup -->
  <testcase classname="com.qa.testcases.LogInPageTest" name="@AfterMethod tearDown" time="0.0">
    <skipped/>
  </testcase> <!-- @AfterMethod tearDown -->
  <testcase classname="com.qa.testcases.RegisterPageTest" name="@BeforeMethod setup" time="-1.687237758648E9">
    <failure type="org.testng.TestNGException" message="
Parameter &amp;apos;browser&amp;apos; is required by BeforeMethod on method setup but has not been marked @Optional or defined
">
      <![CDATA[org.testng.TestNGException: 
Parameter 'browser' is required by BeforeMethod on method setup but has not been marked @Optional or defined

at java.base/java.util.ArrayList.forEach(ArrayList.java:1511)
... Removed 33 stack frames]]>
    </failure>
  </testcase> <!-- @BeforeMethod setup -->
  <testcase classname="com.qa.testcases.RegisterPageTest" name="@AfterMethod tearDown" time="0.0">
    <skipped/>
  </testcase> <!-- @AfterMethod tearDown -->
  <testcase classname="com.qa.testcases.SearchPageTest" name="@BeforeMethod startup" time="-1.687237758652E9">
    <failure type="org.testng.TestNGException" message="
Parameter &amp;apos;browser&amp;apos; is required by BeforeMethod on method startup but has not been marked @Optional or defined
">
      <![CDATA[org.testng.TestNGException: 
Parameter 'browser' is required by BeforeMethod on method startup but has not been marked @Optional or defined

at java.base/java.util.ArrayList.forEach(ArrayList.java:1511)
... Removed 33 stack frames]]>
    </failure>
  </testcase> <!-- @BeforeMethod startup -->
  <testcase classname="com.qa.testcases.SearchPageTest" name="@AfterMethod tearDown" time="0.0">
    <skipped/>
  </testcase> <!-- @AfterMethod tearDown -->
  <testcase classname="com.project.base.BaseClass" name="@BeforeMethod loadPropertiesFile" time="0.0">
    <skipped/>
  </testcase> <!-- @BeforeMethod loadPropertiesFile -->
  <testcase classname="com.qa.testcases.SearchPageTest" name="@BeforeMethod startup" time="0.0">
    <skipped/>
  </testcase> <!-- @BeforeMethod startup -->
  <testcase classname="com.qa.testcases.SearchPageTest" name="@AfterMethod tearDown" time="0.0">
    <skipped/>
  </testcase> <!-- @AfterMethod tearDown -->
  <testcase classname="com.qa.testcases.LogInPageTest" name="verifyLogInWithValidCredentials" time="0.0">
    <skipped/>
  </testcase> <!-- verifyLogInWithValidCredentials -->
  <testcase classname="com.qa.testcases.LogInPageTest" name="verifyLogInWithValidCredentials" time="0.001">
    <skipped/>
  </testcase> <!-- verifyLogInWithValidCredentials -->
  <testcase classname="com.qa.testcases.LogInPageTest" name="verifyLogInWithInvalidCredentials" time="0.0">
    <skipped/>
  </testcase> <!-- verifyLogInWithInvalidCredentials -->
  <testcase classname="com.qa.testcases.RegisterPageTest" name="verifyRegisterAccountWithMandatoryFields" time="0.0">
    <skipped/>
  </testcase> <!-- verifyRegisterAccountWithMandatoryFields -->
  <testcase classname="com.qa.testcases.SearchPageTest" name="verifySearchWithValidProduct" time="0.0">
    <skipped/>
  </testcase> <!-- verifySearchWithValidProduct -->
  <testcase classname="com.qa.testcases.SearchPageTest" name="verifySearchWithInvalidProduct" time="0.0">
    <skipped/>
  </testcase> <!-- verifySearchWithInvalidProduct -->
</testsuite> <!-- Surefire test -->
