<?xml version="1.0" encoding="UTF-8"?>
<!-- Generated by org.testng.reporters.JUnitXMLReporter -->
<testsuite ignored="4" hostname="DESKTOP-7H7RBS5" failures="1" tests="1" name="Smoke Test" time="4.421" errors="0" timestamp="2023-06-20T13:18:03 CDT">
  <testcase classname="com.qa.testcases.SearchPageTest" name="verifySearchWithValidProduct" time="0.689">
    <failure type="java.lang.AssertionError" message="Item didn&amp;apos;t show or match expected [false] but found [true]">
      <![CDATA[java.lang.AssertionError: Item didn't show or match expected [false] but found [true]
at com.qa.testcases.SearchPageTest.verifySearchWithValidProduct(SearchPageTest.java:44)
at java.base/java.util.ArrayList.forEach(ArrayList.java:1511)
... Removed 32 stack frames]]>
    </failure>
  </testcase> <!-- verifySearchWithValidProduct -->
  <testcase classname="com.qa.testcases.RegisterPageTest" name="verifyRegisterAccountWithMandatoryFields" time="0.0">
    <ignored/>
  </testcase> <!-- verifyRegisterAccountWithMandatoryFields -->
  <testcase classname="com.qa.testcases.SearchPageTest" name="verifySearchWithInvalidProduct" time="0.0">
    <ignored/>
  </testcase> <!-- verifySearchWithInvalidProduct -->
  <testcase classname="com.qa.testcases.LogInPageTest" name="verifyLogInWithInvalidCredentials" time="0.0">
    <ignored/>
  </testcase> <!-- verifyLogInWithInvalidCredentials -->
  <testcase classname="com.qa.testcases.LogInPageTest" name="verifyLogInWithValidCredentials" time="0.0">
    <ignored/>
  </testcase> <!-- verifyLogInWithValidCredentials -->
</testsuite> <!-- Smoke Test -->
