<?xml version="1.0" encoding="UTF-8"?>
<testng-results ignored="0" total="12" passed="10" failed="2" skipped="0">
  <reporter-output>
  </reporter-output>
  <suite started-at="2023-06-20T13:17:00 CDT" name="Suite" finished-at="2023-06-20T13:17:30 CDT" duration-ms="30280">
    <groups>
      <group name="Sanity">
        <method signature="LogInPageTest.verifyLogInWithInvalidCredentials()[pri:2, instance:com.qa.testcases.LogInPageTest@4af0df05]" name="verifyLogInWithInvalidCredentials" class="com.qa.testcases.LogInPageTest"/>
        <method signature="SearchPageTest.verifySearchWithInvalidProduct()[pri:2, instance:com.qa.testcases.SearchPageTest@c5dc4a2]" name="verifySearchWithInvalidProduct" class="com.qa.testcases.SearchPageTest"/>
      </group> <!-- Sanity -->
      <group name="Regression">
        <method signature="RegisterPageTest.verifyRegisterAccountWithMandatoryFields()[pri:1, instance:com.qa.testcases.RegisterPageTest@57ea113a]" name="verifyRegisterAccountWithMandatoryFields" class="com.qa.testcases.RegisterPageTest"/>
      </group> <!-- Regression -->
      <group name="Smoke, Regression">
        <method signature="LogInPageTest.verifyLogInWithValidCredentials(java.lang.String,java.lang.String)[pri:1, instance:com.qa.testcases.LogInPageTest@4af0df05]" name="verifyLogInWithValidCredentials" class="com.qa.testcases.LogInPageTest"/>
      </group> <!-- Smoke, Regression -->
      <group name="Smoke">
        <method signature="SearchPageTest.verifySearchWithValidProduct()[pri:1, instance:com.qa.testcases.SearchPageTest@c5dc4a2]" name="verifySearchWithValidProduct" class="com.qa.testcases.SearchPageTest"/>
      </group> <!-- Smoke -->
    </groups>
    <test started-at="2023-06-20T13:17:00 CDT" name="Run All Test" finished-at="2023-06-20T13:17:30 CDT" duration-ms="30280">
      <class name="com.qa.testcases.LogInPageTest">
        <test-method is-config="true" signature="loadPropertiesFile()[pri:0, instance:com.qa.testcases.LogInPageTest@4af0df05]" started-at="2023-06-20T13:17:10 CDT" name="loadPropertiesFile" finished-at="2023-06-20T13:17:10 CDT" duration-ms="0" status="PASS">
          <reporter-output>
          </reporter-output>
        </test-method> <!-- loadPropertiesFile -->
        <test-method is-config="true" signature="setup(java.lang.String)[pri:0, instance:com.qa.testcases.LogInPageTest@4af0df05]" started-at="2023-06-20T13:17:10 CDT" name="setup" finished-at="2023-06-20T13:17:14 CDT" duration-ms="3410" status="PASS">
          <params>
            <param index="0">
              <value>
                <![CDATA[chrome]]>
              </value>
            </param>
          </params>
          <reporter-output>
          </reporter-output>
        </test-method> <!-- setup -->
        <test-method signature="verifyLogInWithValidCredentials(java.lang.String,java.lang.String)[pri:1, instance:com.qa.testcases.LogInPageTest@4af0df05]" started-at="2023-06-20T13:17:14 CDT" name="verifyLogInWithValidCredentials" data-provider="ValidCredentialsProvider" finished-at="2023-06-20T13:17:15 CDT" duration-ms="1339" status="PASS">
          <params>
            <param index="0">
              <value>
                <![CDATA[ajitjung@ymail.com]]>
              </value>
            </param>
            <param index="1">
              <value>
                <![CDATA[18Atajus$]]>
              </value>
            </param>
          </params>
          <reporter-output>
          </reporter-output>
        </test-method> <!-- verifyLogInWithValidCredentials -->
        <test-method is-config="true" signature="tearDown()[pri:0, instance:com.qa.testcases.LogInPageTest@4af0df05]" started-at="2023-06-20T13:17:15 CDT" name="tearDown" finished-at="2023-06-20T13:17:15 CDT" duration-ms="179" status="PASS">
          <reporter-output>
          </reporter-output>
        </test-method> <!-- tearDown -->
        <test-method is-config="true" signature="loadPropertiesFile()[pri:0, instance:com.qa.testcases.LogInPageTest@4af0df05]" started-at="2023-06-20T13:17:15 CDT" name="loadPropertiesFile" finished-at="2023-06-20T13:17:15 CDT" duration-ms="1" status="PASS">
          <reporter-output>
          </reporter-output>
        </test-method> <!-- loadPropertiesFile -->
        <test-method is-config="true" signature="setup(java.lang.String)[pri:0, instance:com.qa.testcases.LogInPageTest@4af0df05]" started-at="2023-06-20T13:17:15 CDT" name="setup" finished-at="2023-06-20T13:17:19 CDT" duration-ms="3393" status="PASS">
          <params>
            <param index="0">
              <value>
                <![CDATA[chrome]]>
              </value>
            </param>
          </params>
          <reporter-output>
          </reporter-output>
        </test-method> <!-- setup -->
        <test-method signature="verifyLogInWithValidCredentials(java.lang.String,java.lang.String)[pri:1, instance:com.qa.testcases.LogInPageTest@4af0df05]" started-at="2023-06-20T13:17:19 CDT" name="verifyLogInWithValidCredentials" data-provider="ValidCredentialsProvider" finished-at="2023-06-20T13:17:20 CDT" duration-ms="1302" status="PASS">
          <params>
            <param index="0">
              <value>
                <![CDATA[kjk@ymail.com]]>
              </value>
            </param>
            <param index="1">
              <value>
                <![CDATA[password]]>
              </value>
            </param>
          </params>
          <reporter-output>
          </reporter-output>
        </test-method> <!-- verifyLogInWithValidCredentials -->
        <test-method is-config="true" signature="tearDown()[pri:0, instance:com.qa.testcases.LogInPageTest@4af0df05]" started-at="2023-06-20T13:17:20 CDT" name="tearDown" finished-at="2023-06-20T13:17:20 CDT" duration-ms="165" status="PASS">
          <reporter-output>
          </reporter-output>
        </test-method> <!-- tearDown -->
        <test-method is-config="true" signature="loadPropertiesFile()[pri:0, instance:com.qa.testcases.LogInPageTest@4af0df05]" started-at="2023-06-20T13:17:20 CDT" name="loadPropertiesFile" finished-at="2023-06-20T13:17:20 CDT" duration-ms="1" status="PASS">
          <reporter-output>
          </reporter-output>
        </test-method> <!-- loadPropertiesFile -->
        <test-method is-config="true" signature="setup(java.lang.String)[pri:0, instance:com.qa.testcases.LogInPageTest@4af0df05]" started-at="2023-06-20T13:17:20 CDT" name="setup" finished-at="2023-06-20T13:17:23 CDT" duration-ms="3337" status="PASS">
          <params>
            <param index="0">
              <value>
                <![CDATA[chrome]]>
              </value>
            </param>
          </params>
          <reporter-output>
          </reporter-output>
        </test-method> <!-- setup -->
        <test-method signature="verifyLogInWithInvalidCredentials()[pri:2, instance:com.qa.testcases.LogInPageTest@4af0df05]" started-at="2023-06-20T13:17:23 CDT" name="verifyLogInWithInvalidCredentials" finished-at="2023-06-20T13:17:24 CDT" duration-ms="1048" status="PASS">
          <reporter-output>
          </reporter-output>
        </test-method> <!-- verifyLogInWithInvalidCredentials -->
        <test-method is-config="true" signature="tearDown()[pri:0, instance:com.qa.testcases.LogInPageTest@4af0df05]" started-at="2023-06-20T13:17:24 CDT" name="tearDown" finished-at="2023-06-20T13:17:25 CDT" duration-ms="144" status="PASS">
          <reporter-output>
          </reporter-output>
        </test-method> <!-- tearDown -->
      </class> <!-- com.qa.testcases.LogInPageTest -->
      <class name="com.qa.testcases.RegisterPageTest">
        <test-method is-config="true" signature="setup(java.lang.String)[pri:0, instance:com.qa.testcases.RegisterPageTest@57ea113a]" started-at="2023-06-20T13:17:25 CDT" name="setup" finished-at="2023-06-20T13:17:29 CDT" duration-ms="4070" status="PASS">
          <params>
            <param index="0">
              <value>
                <![CDATA[chrome]]>
              </value>
            </param>
          </params>
          <reporter-output>
          </reporter-output>
        </test-method> <!-- setup -->
        <test-method is-config="true" signature="loadPropertiesFile()[pri:0, instance:com.qa.testcases.RegisterPageTest@57ea113a]" started-at="2023-06-20T13:17:25 CDT" name="loadPropertiesFile" finished-at="2023-06-20T13:17:25 CDT" duration-ms="0" status="PASS">
          <reporter-output>
          </reporter-output>
        </test-method> <!-- loadPropertiesFile -->
        <test-method signature="verifyRegisterAccountWithMandatoryFields()[pri:1, instance:com.qa.testcases.RegisterPageTest@57ea113a]" started-at="2023-06-20T13:17:29 CDT" name="verifyRegisterAccountWithMandatoryFields" finished-at="2023-06-20T13:17:30 CDT" duration-ms="1321" status="PASS">
          <reporter-output>
          </reporter-output>
        </test-method> <!-- verifyRegisterAccountWithMandatoryFields -->
        <test-method is-config="true" signature="tearDown()[pri:0, instance:com.qa.testcases.RegisterPageTest@57ea113a]" started-at="2023-06-20T13:17:30 CDT" name="tearDown" finished-at="2023-06-20T13:17:30 CDT" duration-ms="158" status="PASS">
          <reporter-output>
          </reporter-output>
        </test-method> <!-- tearDown -->
      </class> <!-- com.qa.testcases.RegisterPageTest -->
      <class name="com.qa.testcases.SearchPageTest">
        <test-method is-config="true" signature="loadPropertiesFile()[pri:0, instance:com.qa.testcases.SearchPageTest@c5dc4a2]" started-at="2023-06-20T13:17:00 CDT" name="loadPropertiesFile" finished-at="2023-06-20T13:17:00 CDT" duration-ms="8" status="PASS">
          <reporter-output>
          </reporter-output>
        </test-method> <!-- loadPropertiesFile -->
        <test-method is-config="true" signature="startup(java.lang.String)[pri:0, instance:com.qa.testcases.SearchPageTest@c5dc4a2]" started-at="2023-06-20T13:17:00 CDT" name="startup" finished-at="2023-06-20T13:17:04 CDT" duration-ms="4384" status="PASS">
          <params>
            <param index="0">
              <value>
                <![CDATA[chrome]]>
              </value>
            </param>
          </params>
          <reporter-output>
          </reporter-output>
        </test-method> <!-- startup -->
        <test-method signature="verifySearchWithValidProduct()[pri:1, instance:com.qa.testcases.SearchPageTest@c5dc4a2]" started-at="2023-06-20T13:17:04 CDT" name="verifySearchWithValidProduct" finished-at="2023-06-20T13:17:05 CDT" duration-ms="745" status="FAIL">
          <exception class="java.lang.AssertionError">
            <message>
              <![CDATA[Item didn't show or match expected [false] but found [true]]]>
            </message>
            <full-stacktrace>
              <![CDATA[java.lang.AssertionError: Item didn't show or match expected [false] but found [true]
at org.testng.Assert.fail(Assert.java:111)
at org.testng.Assert.failNotEquals(Assert.java:1578)
at org.testng.Assert.assertFalse(Assert.java:79)
at com.qa.testcases.SearchPageTest.verifySearchWithValidProduct(SearchPageTest.java:44)
at java.base/jdk.internal.reflect.DirectMethodHandleAccessor.invoke(DirectMethodHandleAccessor.java:104)
at java.base/java.lang.reflect.Method.invoke(Method.java:578)
at org.testng.internal.invokers.MethodInvocationHelper.invokeMethod(MethodInvocationHelper.java:139)
at org.testng.internal.invokers.TestInvoker.invokeMethod(TestInvoker.java:664)
at org.testng.internal.invokers.TestInvoker.invokeTestMethod(TestInvoker.java:227)
at org.testng.internal.invokers.MethodRunner.runInSequence(MethodRunner.java:50)
at org.testng.internal.invokers.TestInvoker$MethodInvocationAgent.invoke(TestInvoker.java:957)
at org.testng.internal.invokers.TestInvoker.invokeTestMethods(TestInvoker.java:200)
at org.testng.internal.invokers.TestMethodWorker.invokeTestMethods(TestMethodWorker.java:148)
at org.testng.internal.invokers.TestMethodWorker.run(TestMethodWorker.java:128)
at java.base/java.util.ArrayList.forEach(ArrayList.java:1511)
at org.testng.TestRunner.privateRun(TestRunner.java:848)
at org.testng.TestRunner.run(TestRunner.java:621)
at org.testng.SuiteRunner.runTest(SuiteRunner.java:443)
at org.testng.SuiteRunner.runSequentially(SuiteRunner.java:437)
at org.testng.SuiteRunner.privateRun(SuiteRunner.java:397)
at org.testng.SuiteRunner.run(SuiteRunner.java:336)
at org.testng.SuiteRunnerWorker.runSuite(SuiteRunnerWorker.java:52)
at org.testng.SuiteRunnerWorker.run(SuiteRunnerWorker.java:95)
at org.testng.TestNG.runSuitesSequentially(TestNG.java:1280)
at org.testng.TestNG.runSuitesLocally(TestNG.java:1200)
at org.testng.TestNG.runSuites(TestNG.java:1114)
at org.testng.TestNG.run(TestNG.java:1082)
at org.apache.maven.surefire.testng.TestNGExecutor.run(TestNGExecutor.java:308)
at org.apache.maven.surefire.testng.TestNGXmlTestSuite.execute(TestNGXmlTestSuite.java:71)
at org.apache.maven.surefire.testng.TestNGProvider.invoke(TestNGProvider.java:113)
at org.apache.maven.surefire.booter.ForkedBooter.runSuitesInProcess(ForkedBooter.java:385)
at org.apache.maven.surefire.booter.ForkedBooter.execute(ForkedBooter.java:162)
at org.apache.maven.surefire.booter.ForkedBooter.run(ForkedBooter.java:507)
at org.apache.maven.surefire.booter.ForkedBooter.main(ForkedBooter.java:495)
]]>
            </full-stacktrace>
          </exception> <!-- java.lang.AssertionError -->
          <reporter-output>
          </reporter-output>
        </test-method> <!-- verifySearchWithValidProduct -->
        <test-method is-config="true" signature="tearDown()[pri:0, instance:com.qa.testcases.SearchPageTest@c5dc4a2]" started-at="2023-06-20T13:17:05 CDT" name="tearDown" finished-at="2023-06-20T13:17:06 CDT" duration-ms="165" status="PASS">
          <reporter-output>
          </reporter-output>
        </test-method> <!-- tearDown -->
        <test-method is-config="true" signature="loadPropertiesFile()[pri:0, instance:com.qa.testcases.SearchPageTest@c5dc4a2]" started-at="2023-06-20T13:17:06 CDT" name="loadPropertiesFile" finished-at="2023-06-20T13:17:06 CDT" duration-ms="1" status="PASS">
          <reporter-output>
          </reporter-output>
        </test-method> <!-- loadPropertiesFile -->
        <test-method is-config="true" signature="startup(java.lang.String)[pri:0, instance:com.qa.testcases.SearchPageTest@c5dc4a2]" started-at="2023-06-20T13:17:06 CDT" name="startup" finished-at="2023-06-20T13:17:09 CDT" duration-ms="3329" status="PASS">
          <params>
            <param index="0">
              <value>
                <![CDATA[chrome]]>
              </value>
            </param>
          </params>
          <reporter-output>
          </reporter-output>
        </test-method> <!-- startup -->
        <test-method signature="verifySearchWithInvalidProduct()[pri:2, instance:com.qa.testcases.SearchPageTest@c5dc4a2]" started-at="2023-06-20T13:17:09 CDT" name="verifySearchWithInvalidProduct" finished-at="2023-06-20T13:17:10 CDT" duration-ms="544" status="PASS">
          <reporter-output>
          </reporter-output>
        </test-method> <!-- verifySearchWithInvalidProduct -->
        <test-method is-config="true" signature="tearDown()[pri:0, instance:com.qa.testcases.SearchPageTest@c5dc4a2]" started-at="2023-06-20T13:17:10 CDT" name="tearDown" finished-at="2023-06-20T13:17:10 CDT" duration-ms="157" status="PASS">
          <reporter-output>
          </reporter-output>
        </test-method> <!-- tearDown -->
      </class> <!-- com.qa.testcases.SearchPageTest -->
    </test> <!-- Run All Test -->
  </suite> <!-- Suite -->
  <suite started-at="2023-06-20T13:17:31 CDT" name="Suite (0)" finished-at="2023-06-20T13:17:50 CDT" duration-ms="19095">
    <groups>
      <group name="Regression">
        <method signature="RegisterPageTest.verifyRegisterAccountWithMandatoryFields()[pri:1, instance:com.qa.testcases.RegisterPageTest@44040454]" name="verifyRegisterAccountWithMandatoryFields" class="com.qa.testcases.RegisterPageTest"/>
        <method signature="RegisterPageTest.verifyRegisterAccountWithMandatoryFields()[pri:1, instance:com.qa.testcases.RegisterPageTest@18bc345]" name="verifyRegisterAccountWithMandatoryFields" class="com.qa.testcases.RegisterPageTest"/>
        <method signature="RegisterPageTest.verifyRegisterAccountWithMandatoryFields()[pri:1, instance:com.qa.testcases.RegisterPageTest@3724af13]" name="verifyRegisterAccountWithMandatoryFields" class="com.qa.testcases.RegisterPageTest"/>
      </group> <!-- Regression -->
    </groups>
    <test started-at="2023-06-20T13:17:31 CDT" name="chrome" finished-at="2023-06-20T13:17:36 CDT" duration-ms="5469">
      <class name="com.qa.testcases.RegisterPageTest">
        <test-method is-config="true" signature="loadPropertiesFile()[pri:0, instance:com.qa.testcases.RegisterPageTest@44040454]" started-at="2023-06-20T13:17:31 CDT" name="loadPropertiesFile" finished-at="2023-06-20T13:17:31 CDT" duration-ms="0" status="PASS">
          <reporter-output>
          </reporter-output>
        </test-method> <!-- loadPropertiesFile -->
        <test-method is-config="true" signature="setup(java.lang.String)[pri:0, instance:com.qa.testcases.RegisterPageTest@44040454]" started-at="2023-06-20T13:17:31 CDT" name="setup" finished-at="2023-06-20T13:17:35 CDT" duration-ms="4100" status="PASS">
          <params>
            <param index="0">
              <value>
                <![CDATA[chrome]]>
              </value>
            </param>
          </params>
          <reporter-output>
          </reporter-output>
        </test-method> <!-- setup -->
        <test-method signature="verifyRegisterAccountWithMandatoryFields()[pri:1, instance:com.qa.testcases.RegisterPageTest@44040454]" started-at="2023-06-20T13:17:35 CDT" name="verifyRegisterAccountWithMandatoryFields" finished-at="2023-06-20T13:17:36 CDT" duration-ms="1232" status="PASS">
          <reporter-output>
          </reporter-output>
        </test-method> <!-- verifyRegisterAccountWithMandatoryFields -->
        <test-method is-config="true" signature="tearDown()[pri:0, instance:com.qa.testcases.RegisterPageTest@44040454]" started-at="2023-06-20T13:17:36 CDT" name="tearDown" finished-at="2023-06-20T13:17:36 CDT" duration-ms="133" status="PASS">
          <reporter-output>
          </reporter-output>
        </test-method> <!-- tearDown -->
      </class> <!-- com.qa.testcases.RegisterPageTest -->
    </test> <!-- chrome -->
    <test started-at="2023-06-20T13:17:36 CDT" name="firefox" finished-at="2023-06-20T13:17:44 CDT" duration-ms="8124">
      <class name="com.qa.testcases.RegisterPageTest">
        <test-method is-config="true" signature="loadPropertiesFile()[pri:0, instance:com.qa.testcases.RegisterPageTest@18bc345]" started-at="2023-06-20T13:17:36 CDT" name="loadPropertiesFile" finished-at="2023-06-20T13:17:36 CDT" duration-ms="1" status="PASS">
          <reporter-output>
          </reporter-output>
        </test-method> <!-- loadPropertiesFile -->
        <test-method is-config="true" signature="setup(java.lang.String)[pri:0, instance:com.qa.testcases.RegisterPageTest@18bc345]" started-at="2023-06-20T13:17:36 CDT" name="setup" finished-at="2023-06-20T13:17:42 CDT" duration-ms="6128" status="PASS">
          <params>
            <param index="0">
              <value>
                <![CDATA[firefox]]>
              </value>
            </param>
          </params>
          <reporter-output>
          </reporter-output>
        </test-method> <!-- setup -->
        <test-method signature="verifyRegisterAccountWithMandatoryFields()[pri:1, instance:com.qa.testcases.RegisterPageTest@18bc345]" started-at="2023-06-20T13:17:42 CDT" name="verifyRegisterAccountWithMandatoryFields" finished-at="2023-06-20T13:17:44 CDT" duration-ms="1124" status="PASS">
          <reporter-output>
          </reporter-output>
        </test-method> <!-- verifyRegisterAccountWithMandatoryFields -->
        <test-method is-config="true" signature="tearDown()[pri:0, instance:com.qa.testcases.RegisterPageTest@18bc345]" started-at="2023-06-20T13:17:44 CDT" name="tearDown" finished-at="2023-06-20T13:17:44 CDT" duration-ms="868" status="PASS">
          <reporter-output>
          </reporter-output>
        </test-method> <!-- tearDown -->
      </class> <!-- com.qa.testcases.RegisterPageTest -->
    </test> <!-- firefox -->
    <test started-at="2023-06-20T13:17:45 CDT" name="edge" finished-at="2023-06-20T13:17:50 CDT" duration-ms="5296">
      <class name="com.qa.testcases.RegisterPageTest">
        <test-method is-config="true" signature="loadPropertiesFile()[pri:0, instance:com.qa.testcases.RegisterPageTest@3724af13]" started-at="2023-06-20T13:17:45 CDT" name="loadPropertiesFile" finished-at="2023-06-20T13:17:45 CDT" duration-ms="1" status="PASS">
          <reporter-output>
          </reporter-output>
        </test-method> <!-- loadPropertiesFile -->
        <test-method is-config="true" signature="setup(java.lang.String)[pri:0, instance:com.qa.testcases.RegisterPageTest@3724af13]" started-at="2023-06-20T13:17:45 CDT" name="setup" finished-at="2023-06-20T13:17:48 CDT" duration-ms="3847" status="PASS">
          <params>
            <param index="0">
              <value>
                <![CDATA[edge]]>
              </value>
            </param>
          </params>
          <reporter-output>
          </reporter-output>
        </test-method> <!-- setup -->
        <test-method signature="verifyRegisterAccountWithMandatoryFields()[pri:1, instance:com.qa.testcases.RegisterPageTest@3724af13]" started-at="2023-06-20T13:17:48 CDT" name="verifyRegisterAccountWithMandatoryFields" finished-at="2023-06-20T13:17:50 CDT" duration-ms="1246" status="PASS">
          <reporter-output>
          </reporter-output>
        </test-method> <!-- verifyRegisterAccountWithMandatoryFields -->
        <test-method is-config="true" signature="tearDown()[pri:0, instance:com.qa.testcases.RegisterPageTest@3724af13]" started-at="2023-06-20T13:17:50 CDT" name="tearDown" finished-at="2023-06-20T13:17:50 CDT" duration-ms="200" status="PASS">
          <reporter-output>
          </reporter-output>
        </test-method> <!-- tearDown -->
      </class> <!-- com.qa.testcases.RegisterPageTest -->
    </test> <!-- edge -->
  </suite> <!-- Suite (0) -->
  <suite started-at="2023-06-20T13:17:59 CDT" name="Smoke Testing Suite" finished-at="2023-06-20T13:18:03 CDT" duration-ms="4421">
    <groups>
      <group name="Smoke">
        <method signature="SearchPageTest.verifySearchWithValidProduct()[pri:1, instance:com.qa.testcases.SearchPageTest@616fe72b]" name="verifySearchWithValidProduct" class="com.qa.testcases.SearchPageTest"/>
      </group> <!-- Smoke -->
    </groups>
    <test started-at="2023-06-20T13:17:59 CDT" name="Smoke Test" finished-at="2023-06-20T13:18:03 CDT" duration-ms="4421">
      <class name="com.qa.testcases.SearchPageTest">
        <test-method is-config="true" signature="loadPropertiesFile()[pri:0, instance:com.qa.testcases.SearchPageTest@616fe72b]" started-at="2023-06-20T13:17:59 CDT" name="loadPropertiesFile" finished-at="2023-06-20T13:17:59 CDT" duration-ms="0" status="PASS">
          <reporter-output>
          </reporter-output>
        </test-method> <!-- loadPropertiesFile -->
        <test-method is-config="true" signature="startup(java.lang.String)[pri:0, instance:com.qa.testcases.SearchPageTest@616fe72b]" started-at="2023-06-20T13:17:59 CDT" name="startup" finished-at="2023-06-20T13:18:02 CDT" duration-ms="3343" status="PASS">
          <params>
            <param index="0">
              <value>
                <![CDATA[chrome]]>
              </value>
            </param>
          </params>
          <reporter-output>
          </reporter-output>
        </test-method> <!-- startup -->
        <test-method signature="verifySearchWithValidProduct()[pri:1, instance:com.qa.testcases.SearchPageTest@616fe72b]" started-at="2023-06-20T13:18:02 CDT" name="verifySearchWithValidProduct" finished-at="2023-06-20T13:18:03 CDT" duration-ms="689" status="FAIL">
          <exception class="java.lang.AssertionError">
            <message>
              <![CDATA[Item didn't show or match expected [false] but found [true]]]>
            </message>
            <full-stacktrace>
              <![CDATA[java.lang.AssertionError: Item didn't show or match expected [false] but found [true]
at org.testng.Assert.fail(Assert.java:111)
at org.testng.Assert.failNotEquals(Assert.java:1578)
at org.testng.Assert.assertFalse(Assert.java:79)
at com.qa.testcases.SearchPageTest.verifySearchWithValidProduct(SearchPageTest.java:44)
at java.base/jdk.internal.reflect.DirectMethodHandleAccessor.invoke(DirectMethodHandleAccessor.java:104)
at java.base/java.lang.reflect.Method.invoke(Method.java:578)
at org.testng.internal.invokers.MethodInvocationHelper.invokeMethod(MethodInvocationHelper.java:139)
at org.testng.internal.invokers.TestInvoker.invokeMethod(TestInvoker.java:664)
at org.testng.internal.invokers.TestInvoker.invokeTestMethod(TestInvoker.java:227)
at org.testng.internal.invokers.MethodRunner.runInSequence(MethodRunner.java:50)
at org.testng.internal.invokers.TestInvoker$MethodInvocationAgent.invoke(TestInvoker.java:957)
at org.testng.internal.invokers.TestInvoker.invokeTestMethods(TestInvoker.java:200)
at org.testng.internal.invokers.TestMethodWorker.invokeTestMethods(TestMethodWorker.java:148)
at org.testng.internal.invokers.TestMethodWorker.run(TestMethodWorker.java:128)
at java.base/java.util.ArrayList.forEach(ArrayList.java:1511)
at org.testng.TestRunner.privateRun(TestRunner.java:848)
at org.testng.TestRunner.run(TestRunner.java:621)
at org.testng.SuiteRunner.runTest(SuiteRunner.java:443)
at org.testng.SuiteRunner.runSequentially(SuiteRunner.java:437)
at org.testng.SuiteRunner.privateRun(SuiteRunner.java:397)
at org.testng.SuiteRunner.run(SuiteRunner.java:336)
at org.testng.SuiteRunnerWorker.runSuite(SuiteRunnerWorker.java:52)
at org.testng.SuiteRunnerWorker.run(SuiteRunnerWorker.java:95)
at org.testng.TestNG.runSuitesSequentially(TestNG.java:1280)
at org.testng.TestNG.runSuitesLocally(TestNG.java:1200)
at org.testng.TestNG.runSuites(TestNG.java:1114)
at org.testng.TestNG.run(TestNG.java:1082)
at org.apache.maven.surefire.testng.TestNGExecutor.run(TestNGExecutor.java:308)
at org.apache.maven.surefire.testng.TestNGXmlTestSuite.execute(TestNGXmlTestSuite.java:71)
at org.apache.maven.surefire.testng.TestNGProvider.invoke(TestNGProvider.java:113)
at org.apache.maven.surefire.booter.ForkedBooter.runSuitesInProcess(ForkedBooter.java:385)
at org.apache.maven.surefire.booter.ForkedBooter.execute(ForkedBooter.java:162)
at org.apache.maven.surefire.booter.ForkedBooter.run(ForkedBooter.java:507)
at org.apache.maven.surefire.booter.ForkedBooter.main(ForkedBooter.java:495)
]]>
            </full-stacktrace>
          </exception> <!-- java.lang.AssertionError -->
          <reporter-output>
          </reporter-output>
        </test-method> <!-- verifySearchWithValidProduct -->
        <test-method is-config="true" signature="tearDown()[pri:0, instance:com.qa.testcases.SearchPageTest@616fe72b]" started-at="2023-06-20T13:18:03 CDT" name="tearDown" finished-at="2023-06-20T13:18:03 CDT" duration-ms="132" status="PASS">
          <reporter-output>
          </reporter-output>
        </test-method> <!-- tearDown -->
      </class> <!-- com.qa.testcases.SearchPageTest -->
    </test> <!-- Smoke Test -->
  </suite> <!-- Smoke Testing Suite -->
  <suite started-at="2023-06-20T13:17:50 CDT" name="Sanity Suite" finished-at="2023-06-20T13:17:58 CDT" duration-ms="8548">
    <groups>
      <group name="Sanity">
        <method signature="LogInPageTest.verifyLogInWithInvalidCredentials()[pri:2, instance:com.qa.testcases.LogInPageTest@4d722ac9]" name="verifyLogInWithInvalidCredentials" class="com.qa.testcases.LogInPageTest"/>
        <method signature="SearchPageTest.verifySearchWithInvalidProduct()[pri:2, instance:com.qa.testcases.SearchPageTest@180da663]" name="verifySearchWithInvalidProduct" class="com.qa.testcases.SearchPageTest"/>
      </group> <!-- Sanity -->
    </groups>
    <test started-at="2023-06-20T13:17:50 CDT" name="Sanity Test" finished-at="2023-06-20T13:17:58 CDT" duration-ms="8548">
      <class name="com.qa.testcases.LogInPageTest">
        <test-method is-config="true" signature="loadPropertiesFile()[pri:0, instance:com.qa.testcases.LogInPageTest@4d722ac9]" started-at="2023-06-20T13:17:54 CDT" name="loadPropertiesFile" finished-at="2023-06-20T13:17:54 CDT" duration-ms="1" status="PASS">
          <reporter-output>
          </reporter-output>
        </test-method> <!-- loadPropertiesFile -->
        <test-method is-config="true" signature="setup(java.lang.String)[pri:0, instance:com.qa.testcases.LogInPageTest@4d722ac9]" started-at="2023-06-20T13:17:54 CDT" name="setup" finished-at="2023-06-20T13:17:57 CDT" duration-ms="3296" status="PASS">
          <params>
            <param index="0">
              <value>
                <![CDATA[chrome]]>
              </value>
            </param>
          </params>
          <reporter-output>
          </reporter-output>
        </test-method> <!-- setup -->
        <test-method signature="verifyLogInWithInvalidCredentials()[pri:2, instance:com.qa.testcases.LogInPageTest@4d722ac9]" started-at="2023-06-20T13:17:57 CDT" name="verifyLogInWithInvalidCredentials" finished-at="2023-06-20T13:17:58 CDT" duration-ms="1058" status="PASS">
          <reporter-output>
          </reporter-output>
        </test-method> <!-- verifyLogInWithInvalidCredentials -->
        <test-method is-config="true" signature="tearDown()[pri:0, instance:com.qa.testcases.LogInPageTest@4d722ac9]" started-at="2023-06-20T13:17:58 CDT" name="tearDown" finished-at="2023-06-20T13:17:58 CDT" duration-ms="137" status="PASS">
          <reporter-output>
          </reporter-output>
        </test-method> <!-- tearDown -->
      </class> <!-- com.qa.testcases.LogInPageTest -->
      <class name="com.qa.testcases.SearchPageTest">
        <test-method is-config="true" signature="loadPropertiesFile()[pri:0, instance:com.qa.testcases.SearchPageTest@180da663]" started-at="2023-06-20T13:17:50 CDT" name="loadPropertiesFile" finished-at="2023-06-20T13:17:50 CDT" duration-ms="1" status="PASS">
          <reporter-output>
          </reporter-output>
        </test-method> <!-- loadPropertiesFile -->
        <test-method is-config="true" signature="startup(java.lang.String)[pri:0, instance:com.qa.testcases.SearchPageTest@180da663]" started-at="2023-06-20T13:17:50 CDT" name="startup" finished-at="2023-06-20T13:17:53 CDT" duration-ms="3388" status="PASS">
          <params>
            <param index="0">
              <value>
                <![CDATA[chrome]]>
              </value>
            </param>
          </params>
          <reporter-output>
          </reporter-output>
        </test-method> <!-- startup -->
        <test-method signature="verifySearchWithInvalidProduct()[pri:2, instance:com.qa.testcases.SearchPageTest@180da663]" started-at="2023-06-20T13:17:53 CDT" name="verifySearchWithInvalidProduct" finished-at="2023-06-20T13:17:54 CDT" duration-ms="529" status="PASS">
          <reporter-output>
          </reporter-output>
        </test-method> <!-- verifySearchWithInvalidProduct -->
        <test-method is-config="true" signature="tearDown()[pri:0, instance:com.qa.testcases.SearchPageTest@180da663]" started-at="2023-06-20T13:17:54 CDT" name="tearDown" finished-at="2023-06-20T13:17:54 CDT" duration-ms="134" status="PASS">
          <reporter-output>
          </reporter-output>
        </test-method> <!-- tearDown -->
      </class> <!-- com.qa.testcases.SearchPageTest -->
    </test> <!-- Sanity Test -->
  </suite> <!-- Sanity Suite -->
</testng-results>
